<?xml version="1.0" encoding="UTF-8"?>
<testsuite name="In regres.in i want to request" tests="1" skipped="0" failures="0" errors="0" timestamp="2020-07-06T14:33:31" hostname="DESKTOP-1SCGRM1" time="8.238">
  <properties/>
  <testcase name="GET services from regresin" classname="In regres.in i want to request" time="8.238"/>
  <system-out><![CDATA[]]></system-out>
  <system-err><![CDATA[[Test worker] INFO net.thucydides.core.steps.ConsoleLoggingListener - 
        __    _____ _____ ____ _____   ____   _    ____  ____  _____ ____  
  _     \ \  |_   _| ____/ ___|_   _| |  _ \ / \  / ___|/ ___|| ____|  _ \ 
 (_)_____| |   | | |  _| \___ \ | |   | |_) / _ \ \___ \\___ \|  _| | | | |
  _|_____| |   | | | |___ ___) || |   |  __/ ___ \ ___) |___) | |___| |_| |
 (_)     | |   |_| |_____|____/ |_|   |_| /_/   \_\____/|____/|_____|____/ 
        /_/                                                                

TEST PASSED: GET services from regresin
----------------------------------------------------------------------------
]]></system-err>
</testsuite>
